<?xml version="1.0" encoding="UTF-8"?>
<!-- Generated by org.testng.reporters.JUnitReportReporter -->
<testsuite hostname="TYSS-Tejal-Ravindra-Borase" failures="0" tests="3" name="com.crm.test.organization.Create_Organization_Test" time="29.632" errors="0" timestamp="2025-02-27T11:16:34 IST" skipped="0">
  <testcase classname="com.crm.test.organization.Create_Organization_Test" name="createOrganizationWithName" time="10.108"/>
  <testcase classname="com.crm.test.organization.Create_Organization_Test" name="createOrganizationWithName" time="9.639"/>
  <testcase classname="com.crm.test.organization.Create_Organization_Test" name="createOrganizationWithName" time="9.885"/>
</testsuite> <!-- com.crm.test.organization.Create_Organization_Test -->
