<?xml version="1.0" encoding="UTF-8"?>
<!-- Generated by org.testng.reporters.JUnitReportReporter -->
<testsuite hostname="TYSS-Tejal-Ravindra-Borase" failures="0" tests="4" name="com.crm.test.contact.Create_Contact_Test" time="78.475" errors="0" timestamp="2025-02-27T18:23:53 IST" skipped="0">
  <testcase classname="com.crm.test.contact.Create_Contact_Test" name="createContactWithStartAndEndDate" time="19.148"/>
  <testcase classname="com.crm.test.contact.Create_Contact_Test" name="createContactWithStartAndEndDate" time="20.209"/>
  <testcase classname="com.crm.test.contact.Create_Contact_Test" name="createContactWithMandatoryFields" time="19.049"/>
  <testcase classname="com.crm.test.contact.Create_Contact_Test" name="createContactWithMandatoryFields" time="20.069"/>
</testsuite> <!-- com.crm.test.contact.Create_Contact_Test -->
